      57 - mycasa_scripts_active/scripts_ts09_phangs_r21/template.image/table.f0_TSM0
      57 - mycasa_scripts_active/scripts_ts09_phangs_r21/template.image/table.f0
      57 - mycasa_scripts_active/scripts_ts09_phangs_r21/template.image/table.dat
      57 - mycasa_scripts_active/scripts_ts09_phangs_r21/template.image/mask0/table.f0_TSM0
      57 - mycasa_scripts_active/scripts_ts09_phangs_r21/template.image/mask0/table.f0
      46 - mycasa_scripts_active/scripts_ts09_phangs_r21/f08_violins.py
      40 - mycasa_scripts_active/scripts_ts09_phangs_r21/template.image/table.lock
      40 - mycasa_scripts_active/scripts_ts09_phangs_r21/template.image/table.info
      40 - mycasa_scripts_active/scripts_ts09_phangs_r21/template.image/mask0/table.lock
      40 - mycasa_scripts_active/scripts_ts09_phangs_r21/template.image/mask0/table.info
      40 - mycasa_scripts_active/scripts_ts09_phangs_r21/template.image/mask0/table.dat
      28 - mycasa_scripts_active/scripts_ts09_phangs_r21/scripts_phangs_r21.py
      24 - mycasa_scripts_active/scripts_ts09_phangs_r21/myim_runall.py
      20 - mycasa_scripts_active/scripts_ts09_phangs_r21/scripts_phangs_r21.pyc
      16 - mycasa_scripts_active/scripts_ts09_phangs_r21/f06_07_scatter_and_histo.py
      13 - mycasa_scripts_active/scripts_ts09_phangs_r21/myim02b_pbmasking.py
       9 - mycasa_scripts_active/scripts_ts09_phangs_r21/table3_ngc0628.txt
       9 - mycasa_scripts_active/scripts_ts09_phangs_r21/myim11_extract_param_best.py
       9 - mycasa_scripts_active/scripts_ts09_phangs_r21/f03b_peak_vs_integ_co.py
       9 - mycasa_scripts_active/scripts_phangs05_v3_vs_v4/script02_regrid.py
       8 - mycasa_scripts_active/scripts_ts09_phangs_r21/table3_ngc4321.txt
       8 - mycasa_scripts_active/scripts_ts09_phangs_r21/table3_ngc3627.txt
       8 - mycasa_scripts_active/scripts_ts09_phangs_r21/f10_radial.py
       8 - mycasa_scripts_active/scripts_santoro01_ngc1365/cprops2mask_conv_ellipse.py
       5 - mycasa_scripts_active/scripts_ts09_phangs_r21/myim03a_mom_native.py
       5 - mycasa_scripts_active/scripts_ts09_phangs_r21/f11_radial_norm.py
       4 - mycasa_scripts_active/scripts_ts09_phangs_r21/myim05_mom_multibeam.py
       4 - mycasa_scripts_active/scripts_phangs05_v3_vs_v4/script11_get_fits_smallscalebias_cyclefactor.py
       3 - mycasa_scripts_active/scripts_ts09_phangs_r21/myim06_r21_map.py
       3 - mycasa_scripts_active/scripts_ts09_phangs_r21/f01a_noise.py
       3 - mycasa_scripts_active/scripts_ts09_phangs_r21/f00_all_final_eps.sh
       3 - mycasa_scripts_active/scripts_phangs05_v3_vs_v4/script04_compare_rms.py
       2 - mycasa_scripts_active/scripts_ts09_phangs_r21/myim02a_regrid.py
       2 - mycasa_scripts_active/scripts_ts09_phangs_r21/f03_peak_vs_integ.py
       2 - mycasa_scripts_active/scripts_ts07_iras18293/fig04_ratio.py
       2 - mycasa_scripts_active/scripts_phangs05_v3_vs_v4/script21_get_fits_nocommonbeam.py
       2 - mycasa_scripts_active/scripts_phangs05_v3_vs_v4/script12_check_beamsize.py
       2 - mycasa_scripts_active/scripts_phangs05_v3_vs_v4/script03_compare_sum.py
