      72 - mycasa_scripts_active/scripts_ts09_phangs_r21/template.image/table.f0_TSM0
      72 - mycasa_scripts_active/scripts_ts09_phangs_r21/template.image/table.f0
      72 - mycasa_scripts_active/scripts_ts09_phangs_r21/template.image/table.dat
      72 - mycasa_scripts_active/scripts_ts09_phangs_r21/template.image/mask0/table.f0_TSM0
      72 - mycasa_scripts_active/scripts_ts09_phangs_r21/template.image/mask0/table.f0
      64 - mycasa_scripts_active/scripts_ts09_phangs_r21/f08_violins.py
      55 - mycasa_scripts_active/scripts_ts09_phangs_r21/template.image/table.lock
      55 - mycasa_scripts_active/scripts_ts09_phangs_r21/template.image/table.info
      55 - mycasa_scripts_active/scripts_ts09_phangs_r21/template.image/mask0/table.lock
      55 - mycasa_scripts_active/scripts_ts09_phangs_r21/template.image/mask0/table.info
      55 - mycasa_scripts_active/scripts_ts09_phangs_r21/template.image/mask0/table.dat
      44 - mycasa_scripts_active/scripts_ts09_phangs_r21/scripts_phangs_r21.py
      34 - mycasa_scripts_active/scripts_ts09_phangs_r21/scripts_phangs_r21.pyc
      31 - mycasa_scripts_active/scripts_ts09_phangs_r21/f01a_noise.py
      25 - mycasa_scripts_active/scripts_ts09_phangs_r21/myim_runall.py
      19 - mycasa_scripts_active/scripts_ts09_phangs_r21/f04_histograms_600pc.py
      17 - mycasa_scripts_active/scripts_ts09_phangs_r21/f06_07_scatter_and_histo.py
      16 - mycasa_scripts_active/scripts_ts09_phangs_r21/f05_histo_stats.py
      14 - mycasa_scripts_active/scripts_ts09_phangs_r21/myim03a_mom_native.py
      13 - mycasa_scripts_active/scripts_ts09_phangs_r21/myim02b_pbmasking.py
      13 - mycasa_scripts_active/scripts_jwu01_ngc6240/fig02_histograms.py
      12 - mycasa_scripts_active/scripts_ts09_phangs_r21/f00_all_final_eps.sh
       9 - mycasa_scripts_active/scripts_ts09_phangs_r21/myim05_mom_multibeam.py
       9 - mycasa_scripts_active/scripts_ts09_phangs_r21/myim04_multibeam.py
       8 - mycasa_scripts_active/scripts_ts09_phangs_r21/table3_ngc0628.txt
       8 - mycasa_scripts_active/scripts_ts09_phangs_r21/f10_radial.py
       7 - mycasa_scripts_active/scripts_ts09_phangs_r21/table3_ngc4321.txt
       7 - mycasa_scripts_active/scripts_ts09_phangs_r21/table3_ngc3627.txt
       6 - mycasa_scripts_active/scripts_santoro01_ngc1365/cprops2mask_conv_ellipse.py
       5 - mycasa_scripts_active/scripts_ts09_phangs_r21/f11_radial_norm.py
       4 - mycasa_scripts_active/scripts_ts09_phangs_r21/myim10_extract_param_600pc.py
       4 - mycasa_scripts_active/scripts_ts09_phangs_r21/f03_peak_vs_integ.py
       4 - mycasa_scripts_active/.DS_Store
       3 - mycasa_scripts_active/scripts_ts09_phangs_r21/myim08_r21_highlowmask.py
       3 - mycasa_scripts_active/scripts_ts09_phangs_r21/myim06_r21_map.py
       3 - mycasa_scripts_active/scripts_ts09_phangs_r21/f02_images.py
       3 - mycasa_scripts_active/scripts_ts07_iras18293/fig05_radial_alpha_co.py
       2 - mycasa_scripts_active/scripts_ts09_phangs_r21/scripts_phangs_r21_plot.py
       2 - mycasa_scripts_active/scripts_ts09_phangs_r21/myim11_extract_param_best.py
       2 - mycasa_scripts_active/scripts_ts09_phangs_r21/myim09_convolve_WISE.py
       2 - mycasa_scripts_active/scripts_ts09_phangs_r21/myim03b_Jy2Kelvin.py
       2 - mycasa_scripts_active/scripts_ts09_phangs_r21/myim02a_regrid.py
       2 - mycasa_scripts_active/scripts_ts07_iras18293/fig04_ratio.py
       2 - mycasa_scripts_active/scripts_jwu01_ngc6240/fig01_scatter_mom8.py
