      46 - mycasa_scripts_active/scripts_ts09_phangs_r21/f08_violins.py
      10 - mycasa_scripts_active/scripts_ts09_phangs_r21/f06_07_scatter_and_histo.py
       6 - mycasa_scripts_active/scripts_ts09_phangs_r21/myim02_regrid.py
       3 - mycasa_scripts_active/scripts_ts09_phangs_r21/template.im/table.lock
       3 - mycasa_scripts_active/scripts_ts09_phangs_r21/template.im/table.info
       3 - mycasa_scripts_active/scripts_ts09_phangs_r21/template.im/table.f0_TSM0
       3 - mycasa_scripts_active/scripts_ts09_phangs_r21/template.im/table.f0
       3 - mycasa_scripts_active/scripts_ts09_phangs_r21/template.im/table.dat
       3 - mycasa_scripts_active/scripts_ts09_phangs_r21/myim06_masking_lowpb.py
       2 - mycasa_scripts_active/scripts_ts09_phangs_r21/template.image/table.lock
       2 - mycasa_scripts_active/scripts_ts09_phangs_r21/template.image/table.info
       2 - mycasa_scripts_active/scripts_ts09_phangs_r21/template.image/table.f0_TSM0
       2 - mycasa_scripts_active/scripts_ts09_phangs_r21/template.image/table.f0
       2 - mycasa_scripts_active/scripts_ts09_phangs_r21/template.image/table.dat
       2 - mycasa_scripts_active/scripts_ts09_phangs_r21/template.image/mask0/table.lock
       2 - mycasa_scripts_active/scripts_ts09_phangs_r21/template.image/mask0/table.info
       2 - mycasa_scripts_active/scripts_ts09_phangs_r21/template.image/mask0/table.f0_TSM0
       2 - mycasa_scripts_active/scripts_ts09_phangs_r21/template.image/mask0/table.f0
       2 - mycasa_scripts_active/scripts_ts09_phangs_r21/template.image/mask0/table.dat
       2 - mycasa_scripts_active/scripts_ts09_phangs_r21/myim03a_mom_native.py
