      42 - mycasa_scripts_active/scripts_ts09_phangs_r21/f17a_modeling_noise_multibeam.py
      30 - mycasa_scripts_active/scripts_ts10_phangs_ulirg/fig01_images.py
      15 - mycasa_scripts_active/scripts_ts10_phangs_ulirg/myscript01_hexbinning.py
      12 - mycasa_scripts_active/scripts_ts10_phangs_ulirg/fig02a_scatter_all.py
      11 - mycasa_scripts_active/scripts_ts10_phangs_ulirg/fig02b_scatter_env.py
      11 - mycasa_scripts_active/scripts_ts09_phangs_r21/f17b_plot_model_scatter.py
       8 - mycasa_scripts_active/scripts_ts09_phangs_r21/f19_plot_best_multibeam.py
       7 - mycasa_scripts_active/scripts_ts10_phangs_ulirg/f00_all_final_eps.sh
       7 - mycasa_scripts_active/myUtils/mycasaimaging_tools.pyc
       7 - mycasa_scripts_active/myUtils/mycasaimaging_tools.py
       5 - mycasa_scripts_active/scripts_ts10_phangs_ulirg/fig03b_virial.py
       5 - mycasa_scripts_active/scripts_phangs06_ssc_leroy20/f02_plots.py
       4 - mycasa_scripts_active/scripts_ts09_phangs_r21/myim12d_combine_env_masks.py
       4 - mycasa_scripts_active/scripts_ts09_phangs_r21/f00_all_final_eps.sh
       3 - mycasa_scripts_active/scripts_ts09_phangs_r21/f17c_plot_best_ngc3627_8p0.py
       3 - mycasa_scripts_active/scripts_ts09_phangs_r21/f17b_plot_best_ngc0628_4p0.py
       3 - mycasa_scripts_active/scripts_ts09_phangs_r21/f13a_gmc_masking.py
       2 - mycasa_scripts_active/scripts_ts10_phangs_ulirg/myscript02_smooth2anir.py
       2 - mycasa_scripts_active/scripts_ts10_phangs_ulirg/fig03a_pturb.py
       2 - mycasa_scripts_active/scripts_ts09_phangs_r21/myim12c_env_bar_masking.py
       2 - mycasa_scripts_active/scripts_ts09_phangs_r21/ftable04.py
       2 - mycasa_scripts_active/scripts_ts09_phangs_r21/f04_histograms_600pc.py
       2 - mycasa_scripts_active/scripts_ts09_phangs_r21/f01a_noise.py
