      52 - mycasa_scripts_active/scripts_phangs06_ssc_leroy20/myim03_clean.py
      24 - mycasa_scripts_active/scripts_ts09_phangs_r21/f00_all_final_eps.sh
      15 - mycasa_scripts_active/scripts_ts09_phangs_r21/f06_histall.py
      11 - mycasa_scripts_active/scripts_phangs06_ssc_leroy20/oldf01_images.py
      11 - mycasa_scripts_active/scripts_phangs06_ssc_leroy20/myim01_makemodel.py
      10 - mycasa_scripts_active/scripts_ts09_phangs_r21/f09_violins.py
       8 - mycasa_scripts_active/scripts_phangs06_ssc_leroy20/myim02_makems.py
       7 - mycasa_scripts_active/scripts_ts09_phangs_r21/f12_othermasks.py
       6 - mycasa_scripts_active/scripts_ts09_phangs_r21/table04.txt
       6 - mycasa_scripts_active/scripts_ts09_phangs_r21/myim12d_combine_env_masks.py
       6 - mycasa_scripts_active/scripts_ts09_phangs_r21/f18b_plot_best.py
       6 - mycasa_scripts_active/scripts_ts09_phangs_r21/f18a_noise_vs_mom0_multibeam.py
       6 - mycasa_scripts_active/scripts_jwu01_ngc6240/.DS_Store
       5 - mycasa_scripts_active/scripts_ts09_phangs_r21/f13b_env_masking.py
       5 - mycasa_scripts_active/scripts_ts09_phangs_r21/f13a_gmc_masking.py
       4 - mycasa_scripts_active/scripts_ts09_phangs_r21/myim13_piechart_masking.py
       4 - mycasa_scripts_active/scripts_ts09_phangs_r21/ftable04.py
       4 - mycasa_scripts_active/scripts_phangs06_ssc_leroy20/f00_all_final_eps.sh
       4 - mycasa_scripts_active/myUtils/mycasaimaging_tools.py
       3 - mycasa_scripts_active/scripts_ts09_phangs_r21/table03.txt
       3 - mycasa_scripts_active/scripts_ts09_phangs_r21/myim_runall.py
       3 - mycasa_scripts_active/scripts_ts09_phangs_r21/myim14_extract_param_best.py
       3 - mycasa_scripts_active/scripts_ts09_phangs_r21/myim12a_env_arm_masking.py
       3 - mycasa_scripts_active/scripts_ts09_phangs_r21/f13c_piechart_masking.py
       3 - mycasa_scripts_active/scripts_phangs06_ssc_leroy20/mosaic_definitions.txt
       3 - mycasa_scripts_active/myUtils/mycasaimaging_tools.pyc
       2 - mycasa_scripts_active/scripts_ts09_phangs_r21/myim12c_env_bar_masking.py
       2 - mycasa_scripts_active/scripts_ts09_phangs_r21/myim12b_env_bulge_masking.py
       2 - mycasa_scripts_active/scripts_ts09_phangs_r21/myim11_gmc_masking.py
       2 - mycasa_scripts_active/scripts_ts09_phangs_r21/f07_08_scatter_and_histo.py
       2 - mycasa_scripts_active/scripts_ts09_phangs_r21/f02_images.py
       2 - mycasa_scripts_active/scripts_phangs06_ssc_leroy20/oldmyim01_prepare_image.py
