      31 - mycasa_scripts_active/scripts_phangs06_ssc_leroy20/myim03_clean.py
       2 - mycasa_scripts_active/scripts_phangs06_ssc_leroy20/f00_all_final_eps.sh
       2 - mycasa_scripts_active/scripts_phangs06_ssc_leroy20/dirty_ngc1087_7m_br.inversemask/table.lock
       2 - mycasa_scripts_active/scripts_phangs06_ssc_leroy20/dirty_ngc1087_7m_br.inversemask/table.info
       2 - mycasa_scripts_active/scripts_phangs06_ssc_leroy20/dirty_ngc1087_7m_br.inversemask/table.f0_TSM0
       2 - mycasa_scripts_active/scripts_phangs06_ssc_leroy20/dirty_ngc1087_7m_br.inversemask/table.f0
       2 - mycasa_scripts_active/scripts_phangs06_ssc_leroy20/dirty_ngc1087_7m_br.inversemask/table.dat
       2 - mycasa_scripts_active/scripts_phangs06_ssc_leroy20/dirty_ngc1087_7m_br.inversemask/mask0/table.lock
       2 - mycasa_scripts_active/scripts_phangs06_ssc_leroy20/dirty_ngc1087_7m_br.inversemask/mask0/table.info
       2 - mycasa_scripts_active/scripts_phangs06_ssc_leroy20/dirty_ngc1087_7m_br.inversemask/mask0/table.f0_TSM0
       2 - mycasa_scripts_active/scripts_phangs06_ssc_leroy20/dirty_ngc1087_7m_br.inversemask/mask0/table.f0
       2 - mycasa_scripts_active/scripts_phangs06_ssc_leroy20/dirty_ngc1087_7m_br.inversemask/mask0/table.dat
       2 - mycasa_scripts_active/scripts_phangs06_ssc_leroy20/dirty_ngc0685_7m_br.inversemask/table.lock
       2 - mycasa_scripts_active/scripts_phangs06_ssc_leroy20/dirty_ngc0685_7m_br.inversemask/table.info
       2 - mycasa_scripts_active/scripts_phangs06_ssc_leroy20/dirty_ngc0685_7m_br.inversemask/table.f0_TSM0
       2 - mycasa_scripts_active/scripts_phangs06_ssc_leroy20/dirty_ngc0685_7m_br.inversemask/table.f0
       2 - mycasa_scripts_active/scripts_phangs06_ssc_leroy20/dirty_ngc0685_7m_br.inversemask/table.dat
       2 - mycasa_scripts_active/scripts_phangs06_ssc_leroy20/dirty_ngc0685_7m_br.inversemask/mask0/table.lock
       2 - mycasa_scripts_active/scripts_phangs06_ssc_leroy20/dirty_ngc0685_7m_br.inversemask/mask0/table.info
       2 - mycasa_scripts_active/scripts_phangs06_ssc_leroy20/dirty_ngc0685_7m_br.inversemask/mask0/table.f0_TSM0
       2 - mycasa_scripts_active/scripts_phangs06_ssc_leroy20/dirty_ngc0685_7m_br.inversemask/mask0/table.f0
       2 - mycasa_scripts_active/scripts_phangs06_ssc_leroy20/dirty_ngc0685_7m_br.inversemask/mask0/table.dat
       2 - mycasa_scripts_active/scripts_phangs06_ssc_leroy20/dirty_ngc0628_7m_br.inversemask/table.lock
       2 - mycasa_scripts_active/scripts_phangs06_ssc_leroy20/dirty_ngc0628_7m_br.inversemask/table.info
       2 - mycasa_scripts_active/scripts_phangs06_ssc_leroy20/dirty_ngc0628_7m_br.inversemask/table.f0_TSM0
       2 - mycasa_scripts_active/scripts_phangs06_ssc_leroy20/dirty_ngc0628_7m_br.inversemask/table.f0
       2 - mycasa_scripts_active/scripts_phangs06_ssc_leroy20/dirty_ngc0628_7m_br.inversemask/table.dat
       2 - mycasa_scripts_active/scripts_phangs06_ssc_leroy20/dirty_ngc0628_7m_br.inversemask/mask0/table.lock
       2 - mycasa_scripts_active/scripts_phangs06_ssc_leroy20/dirty_ngc0628_7m_br.inversemask/mask0/table.info
       2 - mycasa_scripts_active/scripts_phangs06_ssc_leroy20/dirty_ngc0628_7m_br.inversemask/mask0/table.f0_TSM0
       2 - mycasa_scripts_active/scripts_phangs06_ssc_leroy20/dirty_ngc0628_7m_br.inversemask/mask0/table.f0
       2 - mycasa_scripts_active/scripts_phangs06_ssc_leroy20/dirty_ngc0628_7m_br.inversemask/mask0/table.dat
